[    0.000000] Linux version 4.15.0-99-generic (buildd@lcy01-amd64-013) (gcc version 7.5.0 (Ubuntu 7.5.0-3ubuntu1~18.04)) #100-Ubuntu SMP Wed Apr 22 20:32:56 UTC 2020 (Ubuntu 4.15.0-99.100-generic 4.15.18)
[    0.000000] Command line: BOOT_IMAGE=/boot/vmlinuz-4.15.0-99-generic root=LABEL=cloudimg-rootfs ro console=tty1 console=ttyS0
[    0.000000] KERNEL supported cpus:
[    0.000000]   Intel GenuineIntel
[    0.000000]   AMD AuthenticAMD
[    0.000000]   Centaur CentaurHauls
[    0.000000] x86/fpu: x87 FPU will use FXSAVE
[    0.000000] e820: BIOS-provided physical RAM map:
[    0.000000] BIOS-e820: [mem 0x0000000000000000-0x000000000009fbff] usable
[    0.000000] BIOS-e820: [mem 0x000000000009fc00-0x000000000009ffff] reserved
[    0.000000] BIOS-e820: [mem 0x00000000000f0000-0x00000000000fffff] reserved
[    0.000000] BIOS-e820: [mem 0x0000000000100000-0x000000003ffeffff] usable
[    0.000000] BIOS-e820: [mem 0x000000003fff0000-0x000000003fffffff] ACPI data
[    0.000000] BIOS-e820: [mem 0x00000000fec00000-0x00000000fec00fff] reserved
[    0.000000] BIOS-e820: [mem 0x00000000fee00000-0x00000000fee00fff] reserved
[    0.000000] BIOS-e820: [mem 0x00000000fffc0000-0x00000000ffffffff] reserved
[    0.000000] NX (Execute Disable) protection: active
[    0.000000] SMBIOS 2.5 present.
[    0.000000] DMI: innotek GmbH VirtualBox/VirtualBox, BIOS VirtualBox 12/01/2006
[    0.000000] Hypervisor detected: KVM
[    0.000000] e820: last_pfn = 0x3fff0 max_arch_pfn = 0x400000000
[    0.000000] MTRR: Disabled
[    0.000000] x86/PAT: MTRRs disabled, skipping PAT initialization too.
[    0.000000] CPU MTRRs all blank - virtualized system.
[    0.000000] x86/PAT: Configuration [0-7]: WB  WT  UC- UC  WB  WT  UC- UC  
[    0.000000] found SMP MP-table at [mem 0x0009fff0-0x0009ffff]
[    0.000000] Scanning 1 areas for low memory corruption
[    0.000000] RAMDISK: [mem 0x35a6f000-0x36d2efff]
[    0.000000] ACPI: Early table checksum verification disabled
[    0.000000] ACPI: RSDP 0x00000000000E0000 000024 (v02 VBOX  )
[    0.000000] ACPI: XSDT 0x000000003FFF0030 00003C (v01 VBOX   VBOXXSDT 00000001 ASL  00000061)
[    0.000000] ACPI: FACP 0x000000003FFF00F0 0000F4 (v04 VBOX   VBOXFACP 00000001 ASL  00000061)
[    0.000000] ACPI: DSDT 0x000000003FFF0470 002325 (v02 VBOX   VBOXBIOS 00000002 INTL 20100528)
[    0.000000] ACPI: FACS 0x000000003FFF0200 000040
[    0.000000] ACPI: FACS 0x000000003FFF0200 000040
[    0.000000] ACPI: APIC 0x000000003FFF0240 00005C (v02 VBOX   VBOXAPIC 00000001 ASL  00000061)
[    0.000000] ACPI: SSDT 0x000000003FFF02A0 0001CC (v01 VBOX   VBOXCPUT 00000002 INTL 20100528)
[    0.000000] No NUMA configuration found
[    0.000000] Faking a node at [mem 0x0000000000000000-0x000000003ffeffff]
[    0.000000] NODE_DATA(0) allocated [mem 0x3ffc5000-0x3ffeffff]
[    0.000000] kvm-clock: cpu 0, msr 0:3ff44001, primary cpu clock
[    0.000000] kvm-clock: Using msrs 4b564d01 and 4b564d00
[    0.000000] kvm-clock: using sched offset of 4897312600 cycles
[    0.000000] clocksource: kvm-clock: mask: 0xffffffffffffffff max_cycles: 0x1cd42e4dffb, max_idle_ns: 881590591483 ns
[    0.000000] Zone ranges:
[    0.000000]   DMA      [mem 0x0000000000001000-0x0000000000ffffff]
[    0.000000]   DMA32    [mem 0x0000000001000000-0x000000003ffeffff]
[    0.000000]   Normal   empty
[    0.000000]   Device   empty
[    0.000000] Movable zone start for each node
[    0.000000] Early memory node ranges
[    0.000000]   node   0: [mem 0x0000000000001000-0x000000000009efff]
[    0.000000]   node   0: [mem 0x0000000000100000-0x000000003ffeffff]
[    0.000000] Reserved but unavailable: 98 pages
[    0.000000] Initmem setup node 0 [mem 0x0000000000001000-0x000000003ffeffff]
[    0.000000] ACPI: PM-Timer IO Port: 0x4008
[    0.000000] IOAPIC[0]: apic_id 2, version 32, address 0xfec00000, GSI 0-23
[    0.000000] ACPI: INT_SRC_OVR (bus 0 bus_irq 0 global_irq 2 dfl dfl)
[    0.000000] ACPI: INT_SRC_OVR (bus 0 bus_irq 9 global_irq 9 low level)
[    0.000000] Using ACPI (MADT) for SMP configuration information
[    0.000000] smpboot: Allowing 2 CPUs, 0 hotplug CPUs
[    0.000000] PM: Registered nosave memory: [mem 0x00000000-0x00000fff]
[    0.000000] PM: Registered nosave memory: [mem 0x0009f000-0x0009ffff]
[    0.000000] PM: Registered nosave memory: [mem 0x000a0000-0x000effff]
[    0.000000] PM: Registered nosave memory: [mem 0x000f0000-0x000fffff]
[    0.000000] e820: [mem 0x40000000-0xfebfffff] available for PCI devices
[    0.000000] Booting paravirtualized kernel on KVM
[    0.000000] clocksource: refined-jiffies: mask: 0xffffffff max_cycles: 0xffffffff, max_idle_ns: 7645519600211568 ns
[    0.000000] random: get_random_bytes called from start_kernel+0x99/0x4fd with crng_init=0
[    0.000000] setup_percpu: NR_CPUS:8192 nr_cpumask_bits:2 nr_cpu_ids:2 nr_node_ids:1
[    0.000000] percpu: Embedded 45 pages/cpu s147456 r8192 d28672 u1048576
[    0.000000] PV qspinlock hash table entries: 256 (order: 0, 4096 bytes)
[    0.000000] Built 1 zonelists, mobility grouping on.  Total pages: 257913
[    0.000000] Policy zone: DMA32
[    0.000000] Kernel command line: BOOT_IMAGE=/boot/vmlinuz-4.15.0-99-generic root=LABEL=cloudimg-rootfs ro console=tty1 console=ttyS0
[    0.000000] Memory: 983068K/1048120K available (12300K kernel code, 2481K rwdata, 4268K rodata, 2432K init, 2712K bss, 65052K reserved, 0K cma-reserved)
[    0.000000] SLUB: HWalign=64, Order=0-3, MinObjects=0, CPUs=2, Nodes=1
[    0.000000] Kernel/User page tables isolation: enabled
[    0.000000] ftrace: allocating 39364 entries in 154 pages
[    0.004000] Hierarchical RCU implementation.
[    0.004000] 	RCU restricting CPUs from NR_CPUS=8192 to nr_cpu_ids=2.
[    0.004000] 	Tasks RCU enabled.
[    0.004000] RCU: Adjusting geometry for rcu_fanout_leaf=16, nr_cpu_ids=2
[    0.004000] NR_IRQS: 524544, nr_irqs: 440, preallocated irqs: 16
[    0.004000] Console: colour VGA+ 80x25
[    0.004000] console [tty1] enabled
[    0.004000] console [ttyS0] enabled
[    0.004000] ACPI: Core revision 20170831
[    0.004000] ACPI: 2 ACPI AML tables successfully acquired and loaded
[    0.004000] APIC: Switch to symmetric I/O mode setup
[    0.004000] ..TIMER: vector=0x30 apic1=0 pin1=2 apic2=-1 pin2=-1
[    0.004004] tsc: Detected 2208.004 MHz processor
[    0.008008] Calibrating delay loop (skipped) preset value.. 4416.00 BogoMIPS (lpj=8832016)
[    0.012002] pid_max: default: 32768 minimum: 301
[    0.014870] Security Framework initialized
[    0.016002] Yama: becoming mindful.
[    0.020072] AppArmor: AppArmor initialized
[    0.029817] Dentry cache hash table entries: 131072 (order: 8, 1048576 bytes)
[    0.036446] Inode-cache hash table entries: 65536 (order: 7, 524288 bytes)
[    0.040068] Mount-cache hash table entries: 2048 (order: 2, 16384 bytes)
[    0.044060] Mountpoint-cache hash table entries: 2048 (order: 2, 16384 bytes)
[    0.049033] Last level iTLB entries: 4KB 64, 2MB 8, 4MB 8
[    0.052002] Last level dTLB entries: 4KB 64, 2MB 0, 4MB 0, 1GB 4
[    0.056003] Spectre V1 : Mitigation: usercopy/swapgs barriers and __user pointer sanitization
[    0.060002] Spectre V2 : Mitigation: Full generic retpoline
[    0.064002] Spectre V2 : Spectre v2 / SpectreRSB mitigation: Filling RSB on context switch
[    0.072002] Speculative Store Bypass: Vulnerable
[    0.075263] MDS: Mitigation: Clear CPU buffers
[    0.076135] Freeing SMP alternatives memory: 36K
[    0.193776] smpboot: CPU0: Intel(R) Core(TM) i7-8750H CPU @ 2.20GHz (family: 0x6, model: 0x9e, stepping: 0xa)
[    0.196429] Performance Events: unsupported p6 CPU model 158 no PMU driver, software events only.
[    0.200084] Hierarchical SRCU implementation.
[    0.204798] NMI watchdog: Perf event create on CPU 0 failed with -2
[    0.208002] NMI watchdog: Perf NMI watchdog permanently disabled
[    0.212273] smp: Bringing up secondary CPUs ...
[    0.220171] x86: Booting SMP configuration:
[    0.224002] .... node  #0, CPUs:      #1
[    0.004000] kvm-clock: cpu 1, msr 0:3ff44041, secondary cpu clock
[    0.232000] TSC synchronization [CPU#0 -> CPU#1]:
[    0.232000] Measured 46087 cycles TSC warp between CPUs, turning off TSC clock.
[    0.232000] tsc: Marking TSC unstable due to check_tsc_sync_source failed
[    0.236260] smp: Brought up 1 node, 2 CPUs
[    0.240004] smpboot: Max logical packages: 1
[    0.244003] smpboot: Total of 2 processors activated (8832.01 BogoMIPS)
[    0.248585] devtmpfs: initialized
[    0.252093] x86/mm: Memory block size: 128MB
[    0.256449] evm: security.selinux
[    0.260002] evm: security.SMACK64
[    0.262806] evm: security.SMACK64EXEC
[    0.264023] evm: security.SMACK64TRANSMUTE
[    0.267089] evm: security.SMACK64MMAP
[    0.268002] evm: security.apparmor
[    0.270139] evm: security.ima
[    0.272002] evm: security.capability
[    0.276287] clocksource: jiffies: mask: 0xffffffff max_cycles: 0xffffffff, max_idle_ns: 7645041785100000 ns
[    0.280007] futex hash table entries: 512 (order: 3, 32768 bytes)
[    0.284416] pinctrl core: initialized pinctrl subsystem
[    0.292106] RTC time:  4:46:35, date: 05/16/20
[    0.296842] NET: Registered protocol family 16
[    0.300123] audit: initializing netlink subsys (disabled)
[    0.304178] audit: type=2000 audit(1589604401.286:1): state=initialized audit_enabled=0 res=1
[    0.312006] cpuidle: using governor ladder
[    0.316007] cpuidle: using governor menu
[    0.320035] ACPI: bus type PCI registered
[    0.322956] acpiphp: ACPI Hot Plug PCI Controller Driver version: 0.5
[    0.324395] PCI: Using configuration type 1 for base access
[    0.336316] HugeTLB registered 2.00 MiB page size, pre-allocated 0 pages
[    0.348015] ACPI: Added _OSI(Module Device)
[    0.352002] ACPI: Added _OSI(Processor Device)
[    0.356000] ACPI: Added _OSI(3.0 _SCP Extensions)
[    0.356003] ACPI: Added _OSI(Processor Aggregator Device)
[    0.360000] ACPI: Added _OSI(Linux-Dell-Video)
[    0.360003] ACPI: Added _OSI(Linux-Lenovo-NV-HDMI-Audio)
[    0.364003] ACPI: Added _OSI(Linux-HPI-Hybrid-Graphics)
[    0.368774] ACPI: Executed 1 blocks of module-level executable AML code
[    0.376259] ACPI: Interpreter enabled
[    0.379452] ACPI: (supports S0 S5)
[    0.380003] ACPI: Using IOAPIC for interrupt routing
[    0.384476] PCI: Using host bridge windows from ACPI; if necessary, use "pci=nocrs" and report a bug
[    0.388272] ACPI: Enabled 2 GPEs in block 00 to 07
[    0.401735] ACPI: PCI Root Bridge [PCI0] (domain 0000 [bus 00-ff])
[    0.404012] acpi PNP0A03:00: _OSC: OS supports [ASPM ClockPM Segments MSI]
[    0.408707] acpi PNP0A03:00: _OSC: not requesting OS control; OS requires [ExtendedConfig ASPM ClockPM MSI]
[    0.412014] acpi PNP0A03:00: fail to add MMCONFIG information, can't access extended PCI configuration space under this bridge.
[    0.416595] PCI host bridge to bus 0000:00
[    0.420004] pci_bus 0000:00: root bus resource [io  0x0000-0x0cf7 window]
[    0.424007] pci_bus 0000:00: root bus resource [io  0x0d00-0xffff window]
[    0.428006] pci_bus 0000:00: root bus resource [mem 0x000a0000-0x000bffff window]
[    0.432006] pci_bus 0000:00: root bus resource [mem 0x40000000-0xfdffffff window]
[    0.436004] pci_bus 0000:00: root bus resource [bus 00-ff]
[    0.444484] pci 0000:00:01.1: legacy IDE quirk: reg 0x10: [io  0x01f0-0x01f7]
[    0.448003] pci 0000:00:01.1: legacy IDE quirk: reg 0x14: [io  0x03f6]
[    0.452003] pci 0000:00:01.1: legacy IDE quirk: reg 0x18: [io  0x0170-0x0177]
[    0.456004] pci 0000:00:01.1: legacy IDE quirk: reg 0x1c: [io  0x0376]
[    0.552344] pci 0000:00:07.0: quirk: [io  0x4000-0x403f] claimed by PIIX4 ACPI
[    0.560021] pci 0000:00:07.0: quirk: [io  0x4100-0x410f] claimed by PIIX4 SMB
[    0.582109] ACPI: PCI Interrupt Link [LNKA] (IRQs 5 9 10 *11)
[    0.596417] ACPI: PCI Interrupt Link [LNKB] (IRQs 5 9 *10 11)
[    0.604145] ACPI: PCI Interrupt Link [LNKC] (IRQs 5 *9 10 11)
[    0.616143] ACPI: PCI Interrupt Link [LNKD] (IRQs 5 9 10 *11)
[    0.624841] SCSI subsystem initialized
[    0.632076] pci 0000:00:02.0: vgaarb: setting as boot VGA device
[    0.636000] pci 0000:00:02.0: vgaarb: VGA device added: decodes=io+mem,owns=io+mem,locks=none
[    0.652005] pci 0000:00:02.0: vgaarb: bridge control possible
[    0.660002] vgaarb: loaded
[    0.664047] ACPI: bus type USB registered
[    0.672033] usbcore: registered new interface driver usbfs
[    0.680010] usbcore: registered new interface driver hub
[    0.692109] usbcore: registered new device driver usb
[    0.700182] EDAC MC: Ver: 3.0.0
[    0.712368] PCI: Using ACPI for IRQ routing
[    0.720348] NetLabel: Initializing
[    0.724002] NetLabel:  domain hash size = 128
[    0.732003] NetLabel:  protocols = UNLABELED CIPSOv4 CALIPSO
[    0.740016] NetLabel:  unlabeled traffic allowed by default
[    0.748249] clocksource: Switched to clocksource kvm-clock
[    0.803553] VFS: Disk quotas dquot_6.6.0
[    0.807673] VFS: Dquot-cache hash table entries: 512 (order 0, 4096 bytes)
[    0.813870] AppArmor: AppArmor Filesystem Enabled
[    0.817679] pnp: PnP ACPI init
[    0.821462] pnp: PnP ACPI: found 3 devices
[    0.834278] clocksource: acpi_pm: mask: 0xffffff max_cycles: 0xffffff, max_idle_ns: 2085701024 ns
[    0.841309] NET: Registered protocol family 2
[    0.845165] TCP established hash table entries: 8192 (order: 4, 65536 bytes)
[    0.850632] TCP bind hash table entries: 8192 (order: 5, 131072 bytes)
[    0.856240] TCP: Hash tables configured (established 8192 bind 8192)
[    0.861622] UDP hash table entries: 512 (order: 2, 16384 bytes)
[    0.866355] UDP-Lite hash table entries: 512 (order: 2, 16384 bytes)
[    0.872467] NET: Registered protocol family 1
[    0.875661] pci 0000:00:00.0: Limiting direct PCI/PCI transfers
[    0.880532] pci 0000:00:01.0: Activating ISA DMA hang workarounds
[    0.884846] pci 0000:00:02.0: Video device with shadowed ROM at [mem 0x000c0000-0x000dffff]
[    0.890501] Unpacking initramfs...
[    1.394761] Freeing initrd memory: 19200K
[    1.398426] clocksource: tsc: mask: 0xffffffffffffffff max_cycles: 0x1fd3bc108c2, max_idle_ns: 440795311349 ns
[    1.406785] platform rtc_cmos: registered platform RTC device (no PNP device found)
[    1.413190] Scanning for low memory corruption every 60 seconds
[    1.419350] Initialise system trusted keyrings
[    1.424436] Key type blacklist registered
[    1.429041] workingset: timestamp_bits=36 max_order=18 bucket_order=0
[    1.437853] zbud: loaded
[    1.442251] squashfs: version 4.0 (2009/01/31) Phillip Lougher
[    1.449931] fuse init (API version 7.26)
[    1.483428] Key type asymmetric registered
[    1.488853] Asymmetric key parser 'x509' registered
[    1.493486] Block layer SCSI generic (bsg) driver version 0.4 loaded (major 246)
[    1.501116] io scheduler noop registered
[    1.505354] io scheduler deadline registered
[    1.509628] io scheduler cfq registered (default)
[    1.514881] ACPI: AC Adapter [AC] (off-line)
[    1.520328] input: Power Button as /devices/LNXSYSTM:00/LNXPWRBN:00/input/input0
[    1.527079] ACPI: Power Button [PWRF]
[    1.532040] input: Sleep Button as /devices/LNXSYSTM:00/LNXSLPBN:00/input/input1
[    1.540791] ACPI: Sleep Button [SLPF]
[    1.545757] Serial: 8250/16550 driver, 32 ports, IRQ sharing enabled
[    1.546943] ACPI: Battery Slot [BAT0] (battery present)
[    1.586576] 00:02:ttyS0 at I/O 0x3f8 (irq = 4, base_baud = 115200) is a 16550A
[    1.595222] Linux agpgart interface v0.103
[    1.602788] loop: module loaded
[    1.607633] scsi host0: ata_piix
[    1.612260] scsi host1: ata_piix
[    1.615146] ata1: PATA max UDMA/33 cmd 0x1f0 ctl 0x3f6 bmdma 0xd000 irq 14
[    1.621256] ata2: PATA max UDMA/33 cmd 0x170 ctl 0x376 bmdma 0xd008 irq 15
[    1.626707] libphy: Fixed MDIO Bus: probed
[    1.630890] tun: Universal TUN/TAP device driver, 1.6
[    1.634624] PPP generic driver version 2.4.2
[    1.638190] ehci_hcd: USB 2.0 'Enhanced' Host Controller (EHCI) Driver
[    1.642724] ehci-pci: EHCI PCI platform driver
[    1.646627] ehci-platform: EHCI generic platform driver
[    1.651093] ohci_hcd: USB 1.1 'Open' Host Controller (OHCI) Driver
[    1.655805] ohci-pci: OHCI PCI platform driver
[    1.659869] ohci-platform: OHCI generic platform driver
[    1.664266] uhci_hcd: USB Universal Host Controller Interface driver
[    1.669049] i8042: PNP: PS/2 Controller [PNP0303:PS2K,PNP0f03:PS2M] at 0x60,0x64 irq 1,12
[    1.677592] serio: i8042 KBD port at 0x60,0x64 irq 1
[    1.681690] serio: i8042 AUX port at 0x60,0x64 irq 12
[    1.685695] mousedev: PS/2 mouse device common for all mice
[    1.691485] input: AT Translated Set 2 keyboard as /devices/platform/i8042/serio0/input/input2
[    1.699522] rtc_cmos rtc_cmos: rtc core: registered rtc_cmos as rtc0
[    1.706173] rtc_cmos rtc_cmos: alarms up to one day, 114 bytes nvram
[    1.711043] i2c /dev entries driver
[    1.714248] device-mapper: uevent: version 1.0.3
[    1.717669] device-mapper: ioctl: 4.37.0-ioctl (2017-09-20) initialised: dm-devel@redhat.com
[    1.723873] ledtrig-cpu: registered to indicate activity on CPUs
[    1.732352] NET: Registered protocol family 10
[    1.743584] Segment Routing with IPv6
[    1.747240] NET: Registered protocol family 17
[    1.751266] Key type dns_resolver registered
[    1.755408] mce: Using 0 MCE banks
[    1.758707] RAS: Correctable Errors collector initialized.
[    1.762238] sched_clock: Marking stable (1762198886, 0)->(2280177798, -517978912)
[    1.770929] registered taskstats version 1
[    1.774666] Loading compiled-in X.509 certificates
[    1.782772] Loaded X.509 cert 'Build time autogenerated kernel key: 7480108fe56bba9284001dfb9078560125be4684'
[    1.791058] zswap: loaded using pool lzo/zbud
[    1.846026] Key type big_key registered
[    1.849180] Key type trusted registered
[    1.856306] Key type encrypted registered
[    1.859381] AppArmor: AppArmor sha1 policy hashing enabled
[    1.864781] ima: No TPM chip found, activating TPM-bypass! (rc=-19)
[    1.869556] ima: Allocated hash algorithm: sha1
[    1.873302] evm: HMAC attrs: 0x1
[    1.876347]   Magic number: 4:852:767
[    1.879713] rtc_cmos rtc_cmos: setting system clock to 2020-05-16 04:46:37 UTC (1589604397)
[    1.887556] BIOS EDD facility v0.16 2004-Jun-25, 0 devices found
[    1.893031] EDD information not available.
[    1.899452] Freeing unused kernel image memory: 2432K
[    1.924560] Write protecting the kernel read-only data: 20480k
[    1.931280] Freeing unused kernel image memory: 2008K
[    1.937693] Freeing unused kernel image memory: 1876K
[    1.947032] x86/mm: Checked W+X mappings: passed, no W+X pages found.
[    1.953184] x86/mm: Checking user space page tables
[    1.962777] x86/mm: Checked W+X mappings: passed, no W+X pages found.
Loading, please wait...
starting version 237
[    2.088936] e1000: Intel(R) PRO/1000 Network Driver - version 7.3.21-k8-NAPI
[    2.095938] e1000: Copyright (c) 1999-2006 Intel Corporation.
[    2.111814] Fusion MPT base driver 3.04.20
[    2.115669] Copyright (c) 1999-2008 LSI Corporation
[    2.134643] Fusion MPT SPI Host driver 3.04.20
[    2.393235] input: ImExPS/2 Generic Explorer Mouse as /devices/platform/i8042/serio1/input/input4
[    2.982061] e1000 0000:00:03.0 eth0: (PCI:33MHz:32-bit) 02:10:84:19:ba:ea
[    2.987013] e1000 0000:00:03.0 eth0: Intel(R) PRO/1000 Network Connection
[    2.996402] e1000 0000:00:03.0 enp0s3: renamed from eth0
[    3.000853] mptbase: ioc0: Initiating bringup
[    3.493112] ioc0: LSI53C1030 A0: Capabilities={Initiator}
[    4.246140] scsi host2: ioc0: LSI53C1030 A0, FwRev=00000000h, Ports=1, MaxQ=256, IRQ=20
[    5.004989] scsi 2:0:0:0: Direct-Access     VBOX     HARDDISK         1.0  PQ: 0 ANSI: 5
[    5.939577] scsi target2:0:0: Beginning Domain Validation
[    5.954554] scsi target2:0:0: Domain Validation skipping write tests
[    5.960341] scsi target2:0:0: Ending Domain Validation
[    5.965588] scsi target2:0:0: asynchronous
[    5.972198] scsi 2:0:1:0: Direct-Access     VBOX     HARDDISK         1.0  PQ: 0 ANSI: 5
[    6.907188] scsi target2:0:1: Beginning Domain Validation
[    6.911881] random: fast init done
[    6.920411] scsi target2:0:1: Domain Validation skipping write tests
[    6.924573] scsi target2:0:1: Ending Domain Validation
[    6.928224] scsi target2:0:1: asynchronous
[    6.942762] random: systemd-udevd: uninitialized urandom read (16 bytes read)
[    6.945516] sd 2:0:0:0: [sda] 20971520 512-byte logical blocks: (10.7 GB/10.0 GiB)
[    6.950834] random: systemd-udevd: uninitialized urandom read (16 bytes read)
[    6.957615] sd 2:0:0:0: [sda] Write Protect is off
[    6.963797] sd 2:0:0:0: Attached scsi generic sg0 type 0
[    6.974887] sd 2:0:1:0: Attached scsi generic sg1 type 0
[    6.979061] sd 2:0:1:0: [sdb] 20480 512-byte logical blocks: (10.5 MB/10.0 MiB)
[    6.981182] random: systemd-udevd: uninitialized urandom read (16 bytes read)
[    6.987574] sd 2:0:0:0: [sda] Incomplete mode parameter data
[    6.998700] sd 2:0:0:0: [sda] Assuming drive cache: write through
[    7.004678] sd 2:0:1:0: [sdb] Write Protect is off
[    7.010043] sd 2:0:1:0: [sdb] Incomplete mode parameter data
[    7.013336]  sda: sda1
[    7.015159] sd 2:0:1:0: [sdb] Assuming drive cache: write through
[    7.026314] sd 2:0:0:0: [sda] Attached SCSI disk
[    7.038396] sd 2:0:1:0: [sdb] Attached SCSI disk
Begin: Loading essential drivers ... [   62.323738] watchdog: BUG: soft lockup - CPU#0 stuck for 51s! [swapper/0:0]
[   62.323917] raid6: sse2x1   gen() 14721278 MB/s
[   62.332916] Modules linked in: raid6_pq(+) libcrc32c raid1 raid0 multipath linear mptspi scsi_transport_spi mptscsih psmouse mptbase e1000
[   62.349673] CPU: 0 PID: 0 Comm: swapper/0 Not tainted 4.15.0-99-generic #100-Ubuntu
[   62.356051] Hardware name: innotek GmbH VirtualBox/VirtualBox, BIOS VirtualBox 12/01/2006
[   62.362305] RIP: 0010:native_safe_halt+0x12/0x20
[   62.366211] RSP: 0018:ffffffff97403e28 EFLAGS: 00010246 ORIG_RAX: ffffffffffffff11
[   62.372193] RAX: ffffffff969c1500 RBX: 0000000000000000 RCX: 0000000000000000
[   62.377478] RDX: 0000000000000000 RSI: 0000000000000000 RDI: 0000000000000000
[   62.383725] RBP: ffffffff97403e28 R08: 0000000000000002 R09: 0000000000000002
[   62.389686] R10: 0000000000000000 R11: 0000000000000000 R12: 0000000000000000
[   62.394788] R13: 0000000000000000 R14: 0000000000000000 R15: 0000000000000000
[   62.399670] FS:  0000000000000000(0000) GS:ffff96c3ffc00000(0000) knlGS:0000000000000000
[   62.404722] CS:  0010 DS: 0000 ES: 0000 CR0: 0000000080050033
[   62.408599] CR2: 0000560a6a1c0e98 CR3: 000000002c60a004 CR4: 00000000000206f0
[   62.413221] Call Trace:
[   62.415159]  default_idle+0x20/0x100
[   62.417412]  arch_cpu_idle+0x15/0x20
[   62.420317]  default_idle_call+0x23/0x30
[   62.423523]  do_idle+0x172/0x1f0
[   62.425986]  cpu_startup_entry+0x73/0x80
[   62.428948]  rest_init+0xae/0xb0
[   62.431316]  start_kernel+0x4dc/0x4fd
[   62.433649]  x86_64_start_reservations+0x24/0x26
[   62.436402]  x86_64_start_kernel+0x74/0x77
[   62.438937]  secondary_startup_64+0xa5/0xb0
[   62.441577] Code: 00 f0 80 48 02 20 48 8b 00 a8 08 0f 84 7b ff ff ff eb bd 90 90 90 90 90 90 55 48 89 e5 e9 07 00 00 00 0f 00 2d b0 84 44 00 fb f4 <5d> c3 66 90 66 2e 0f 1f 84 00 00 00 00 00 55 48 89 e5 e9 07 00 
[   63.328270] raid6: sse2x1   xor() 187804 MB/s
[   63.394608] raid6: sse2x2   gen() 16062 MB/s
[   64.329506] raid6: sse2x2   xor() 225739 MB/s
[   64.382725] raid6: sse2x4   gen() 14528 MB/s
[   64.436480] raid6: sse2x4   xor() 10879 MB/s
[   64.439618] raid6: using algorithm sse2x1 gen() 14721278 MB/s
[   64.444752] raid6: .... xor() 187804 MB/s, rmw enabled
[   64.448557] raid6: using ssse3x2 recovery algorithm
[   64.453973] xor: measuring software checksum speed
[   64.496077]    prefetch64-sse: 18512.000 MB/sec
[   64.540071]    generic_sse: 18216.000 MB/sec
[   64.543307] xor: using function: prefetch64-sse (18512.000 MB/sec)
[   64.550674] async_tx: api initialized (async)
done.
Begin: Running /scripts/init-premount ... done.
Begin: Mounting root file system ... Begin: Running /scripts/local-top ... done.
Begin: Running /scripts/local-premount ... [   64.616227] Btrfs loaded, crc32c=crc32c-intel
Scanning for Btrfs filesystems
done.
Warning: fsck not present, so skipping root file system
[   64.672247] EXT4-fs (sda1): INFO: recovery required on readonly filesystem
[   64.677797] EXT4-fs (sda1): write access will be enabled during recovery
[   64.842668] EXT4-fs (sda1): recovery complete
[   64.849113] EXT4-fs (sda1): mounted filesystem with ordered data mode. Opts: (null)
done.
Begin: Running /scripts/local-bottom ... done.
Begin: Running /scripts/init-bottom ... done.
[   65.097454] ip_tables: (C) 2000-2006 Netfilter Core Team
[   65.122679] systemd[1]: systemd 237 running in system mode. (+PAM +AUDIT +SELINUX +IMA +APPARMOR +SMACK +SYSVINIT +UTMP +LIBCRYPTSETUP +GCRYPT +GNUTLS +ACL +XZ +LZ4 +SECCOMP +BLKID +ELFUTILS +KMOD -IDN2 +IDN -PCRE2 default-hierarchy=hybrid)
[   65.140224] systemd[1]: Detected virtualization oracle.
[   65.144299] systemd[1]: Detected architecture x86-64.

Welcome to [1mUbuntu 18.04.4 LTS[0m!

[   65.174161] systemd[1]: Set hostname to <ubuntu-bionic>.
[   65.632349] systemd[1]: Created slice User and Session Slice.
[[0;32m  OK  [0m] Created slice User and Session Slice.
[   65.638489] systemd[1]: Set up automount Arbitrary Executable File Formats File System Automount Point.
[[0;32m  OK  [0m] Set up automount Arbitrary Executab…rmats File System Automount Point.
[   65.648378] systemd[1]: Reached target Swap.
[[0;32m  OK  [0m] Reached target Swap.
[   65.652451] systemd[1]: Reached target User and Group Name Lookups.
[[0;32m  OK  [0m] Reached target User and Group Name Lookups.
[   65.658271] systemd[1]: Reached target System Time Synchronized.
[[0;32m  OK  [0m] Reached target System Time Synchronized.
[   65.664280] systemd[1]: Created slice System Slice.
[[0;32m  OK  [0m] Created slice System Slice.
[[0;32m  OK  [0m] Listening on Syslog Socket.
[[0;32m  OK  [0m] Listening on Device-mapper event daemon FIFOs.
[[0;32m  OK  [0m] Reached target Slices.
[[0;32m  OK  [0m] Listening on Journal Audit Socket.
[[0;32m  OK  [0m] Listening on LVM2 metadata daemon socket.
[[0;32m  OK  [0m] Listening on udev Kernel Socket.
[[0;32m  OK  [0m] Listening on Journal Socket.
         Starting Create list of required st…ce nodes for the current kernel...
         Starting Uncomplicated firewall...
         Starting Load Kernel Modules...
         Mounting POSIX Message Queue File System...
         Starting Monitoring of LVM2 mirrors…ng dmeventd or progress polling...
[[0;32m  OK  [0m] Listening on /dev/initctl Compatibility Named Pipe.
[[0;32m  OK  [0m] Created slice system-serial\x2dgetty.slice.
         Mounting Huge Pages File System...
[[0;32m  OK  [0m] Listening on Journal Socket (/dev/log).
         Starting Journal Service...
         Mounting Kernel Debug File System...
[   65.736261] Loading iSCSI transport class v2.0-870.
[[0;32m  OK  [0m] Listening on udev Control Socket.
         Starting udev Coldplug all Devices...
         Starting Set the console keyboard layout...
         Starting Remount Root and Kernel File Systems...
[[0;32m  OK  [0m] Listening on Network Service Netlink Socket.
[[0;32m  OK  [0m] Started Forward Password Requests to Wall Directory Watch.
[[0;32m  OK  [0m] Listening on LVM2 poll daemon socket.
[[0;32m  OK  [0m] Started Create list of required sta…vice nodes for the current kernel.
[[0;32m  OK  [0m] Started Uncomplicated firewall.
         Starting Create Static Device Nodes in /dev...
[   65.809990] iscsi: registered transport (tcp)
[[0;32m  OK  [0m] Started LVM2 metadata daemon.
[[0;32m  OK  [0m] Mounted Huge Pages File System.
[[0;32m  OK  [0m] Mounted POSIX Message Queue File System.
[[0;32m  OK  [0m] Mounted Kernel Debug File System.
[[0;32m  OK  [0m] Started udev Coldplug all Devices.
[[0;32m  OK  [0m] Started Journal Service.
[[0;32m  OK  [0m] Started Create Static Device Nodes in /dev.
[   65.921021] EXT4-fs (sda1): re-mounted. Opts: (null)
[[0;32m  OK  [0m] Started Remount Root and Kernel File Systems.
[   65.949124] iscsi: registered transport (iser)
         Starting udev Kernel Device Manager...
         Starting Load/Save Random Seed...
         Starting Flush Journal to Persistent Storage...
[[0;32m  OK  [0m] Started Load Kernel Modules.
         Mounting FUSE Control File System...
         Mounting Kernel Configuration File System...
         Starting Apply Kernel Variables...
[[0;32m  OK  [0m] Started Monitoring of LVM2 mirrors,…sing dmeventd or progress polling.
[[0;32m  OK  [0m] Mounted FUSE Control File System.
[[0;32m  OK  [0m] Started Load/Save Random Seed.
[[0;32m  OK  [0m] Mounted Kernel Configuration File System.
[   66.037507] systemd-journald[367]: Received request to flush runtime journal from PID 1
[[0;32m  OK  [0m] Started udev Kernel Device Manager.
[[0;32m  OK  [0m] Started Apply Kernel Variables.
[[0;32m  OK  [0m] Started Flush Journal to Persistent Storage.
[[0;32m  OK  [0m] Found device /dev/ttyS0.
[[0;32m  OK  [0m] Listening on Load/Save RF Kill Switch Status /dev/rfkill Watch.
[[0;32m  OK  [0m] Started Set the console keyboard layout.
[[0;32m  OK  [0m] Started Dispatch Password Requests to Console Directory Watch.
[[0;32m  OK  [0m] Reached target Local Encrypted Volumes.
[[0;32m  OK  [0m] Reached target Local File Systems (Pre).
[[0;32m  OK  [0m] Reached target Local File Systems.
         Starting AppArmor initialization...
         Starting Set console font and keymap...
         Starting Create Volatile Files and Directories...
         Starting ebtables ruleset management...
         Starting Tell Plymouth To Write Out Runtime Data...
[[0;32m  OK  [0m] Started Set console font and keymap.
[[0;32m  OK  [0m] Started Tell Plymouth To Write Out Runtime Data.
[[0;32m  OK  [0m] Started Create Volatile Files and Directories.
         Starting Update UTMP about System Boot/Shutdown...
[[0;32m  OK  [0m] Started Update UTMP about System Boot/Shutdown.
[[0;32m  OK  [0m] Started ebtables ruleset management.
[[0;32m  OK  [0m] Started AppArmor initialization.
         Starting Initial cloud-init job (pre-networking)...
[   68.630106] cloud-init[621]: Cloud-init v. 19.4-33-gbb4131a2-0ubuntu1~18.04.1 running 'init-local' at Sat, 16 May 2020 04:47:44 +0000. Up 68.41 seconds.
[[0;32m  OK  [0m] Started Initial cloud-init job (pre-networking).
[[0;32m  OK  [0m] Reached target Network (Pre).
         Starting Network Service...
[[0;32m  OK  [0m] Started Network Service.
         Starting Network Name Resolution...
         Starting Wait for Network to be Configured...
[[0;32m  OK  [0m] Started Network Name Resolution.
[[0;32m  OK  [0m] Reached target Host and Network Name Lookups.
[[0;32m  OK  [0m] Reached target Network.
[[0;32m  OK  [0m] Started Wait for Network to be Configured.
         Starting Initial cloud-init job (metadata service crawler)...
[   70.293792] cloud-init[741]: Cloud-init v. 19.4-33-gbb4131a2-0ubuntu1~18.04.1 running 'init' at Sat, 16 May 2020 04:47:45 +0000. Up 70.17 seconds.
[   70.299319] cloud-init[741]: ci-info: ++++++++++++++++++++++++++++++++++++++Net device info++++++++++++++++++++++++++++++++++++++
[   70.303450] cloud-init[741]: ci-info: +--------+------+----------------------------+---------------+--------+-------------------+
[   70.307563] cloud-init[741]: ci-info: | Device |  Up  |          Address           |      Mask     | Scope  |     Hw-Address    |
[   70.311961] cloud-init[741]: ci-info: +--------+------+----------------------------+---------------+--------+-------------------+
[   70.315929] cloud-init[741]: ci-info: | enp0s3 | True |         10.0.2.15          | 255.255.255.0 | global | 02:10:84:19:ba:ea |
[   70.320859] cloud-init[741]: ci-info: | enp0s3 | True | fe80::10:84ff:fe19:baea/64 |       .       |  link  | 02:10:84:19:ba:ea |
[   70.325350] cloud-init[741]: ci-info: |   lo   | True |         127.0.0.1          |   255.0.0.0   |  host  |         .         |
[   70.330152] cloud-init[741]: ci-info: |   lo   | True |          ::1/128           |       .       |  host  |         .         |
[   70.334247] cloud-init[741]: ci-info: +--------+------+----------------------------+---------------+--------+-------------------+
[   70.338003] cloud-init[741]: ci-info: ++++++++++++++++++++++++++++Route IPv4 info+++++++++++++++++++++++++++++
[   70.341438] cloud-init[741]: ci-info: +-------+-------------+----------+-----------------+-----------+-------+
[   70.345332] cloud-init[741]: ci-info: | Route | Destination | Gateway  |     Genmask     | Interface | Flags |
[   70.349031] cloud-init[741]: ci-info: +-------+-------------+----------+-----------------+-----------+-------+
[   70.352243] cloud-init[741]: ci-info: |   0   |   0.0.0.0   | 10.0.2.2 |     0.0.0.0     |   enp0s3  |   UG  |
[   70.355313] cloud-init[741]: ci-info: |   1   |   10.0.2.0  | 0.0.0.0  |  255.255.255.0  |   enp0s3  |   U   |
[   70.358551] cloud-init[741]: ci-info: |   2   |   10.0.2.2  | 0.0.0.0  | 255.255.255.255 |   enp0s3  |   UH  |
[   70.361645] cloud-init[741]: ci-info: +-------+-------------+----------+-----------------+-----------+-------+
[   70.364731] cloud-init[741]: ci-info: +++++++++++++++++++Route IPv6 info+++++++++++++++++++
[   70.367104] cloud-init[741]: ci-info: +-------+-------------+---------+-----------+-------+
[   70.369725] cloud-init[741]: ci-info: | Route | Destination | Gateway | Interface | Flags |
[   70.372550] cloud-init[741]: ci-info: +-------+-------------+---------+-----------+-------+
[   70.374920] cloud-init[741]: ci-info: |   1   |  fe80::/64  |    ::   |   enp0s3  |   U   |
[   70.377404] cloud-init[741]: ci-info: |   3   |    local    |    ::   |   enp0s3  |   U   |
[   70.379790] cloud-init[741]: ci-info: |   4   |   ff00::/8  |    ::   |   enp0s3  |   U   |
[   70.382181] cloud-init[741]: ci-info: +-------+-------------+---------+-----------+-------+
[[0;32m  OK  [0m] Started Initial cloud-init job (metadata service crawler).
[[0;32m  OK  [0m] Reached target Network is Online.
         Starting Availability of block devices...
[[0;32m  OK  [0m] Reached target Remote File Systems (Pre).
[[0;32m  OK  [0m] Reached target Remote File Systems.
[[0;32m  OK  [0m] Reached target System Initialization.
         Starting Socket activation for snappy daemon.
[[0;32m  OK  [0m] Started Daily Cleanup of Temporary Directories.
[[0;32m  OK  [0m] Started ACPI Events Check.
[[0;32m  OK  [0m] Reached target Paths.
[[0;32m  OK  [0m] Started Daily apt upgrade and clean activities.
[[0;32m  OK  [0m] Listening on D-Bus System Message Bus Socket.
[[0;32m  OK  [0m] Started Message of the Day.
[[0;32m  OK  [0m] Listening on Open-iSCSI iscsid Socket.
[[0;32m  OK  [0m] Listening on UUID daemon activation socket.
         Starting LXD - unix socket.
[[0;32m  OK  [0m] Listening on ACPID Listen Socket.
[[0;32m  OK  [0m] Started Discard unused blocks once a week.
[[0;32m  OK  [0m] Reached target Timers.
[[0;32m  OK  [0m] Reached target Cloud-config availability.
[[0;32m  OK  [0m] Started Availability of block devices.
[[0;32m  OK  [0m] Listening on Socket activation for snappy daemon.
[[0;32m  OK  [0m] Listening on LXD - unix socket.
[[0;32m  OK  [0m] Reached target Sockets.
[[0;32m  OK  [0m] Reached target Basic System.
         Starting LXD - container startup/shutdown...
         Starting LSB: automatic crash report generation...
         Starting Accounts Service...
         Starting System Logging Service...
[[0;32m  OK  [0m] Started irqbalance daemon.
         Starting LSB: Record successful boot for GRUB...
         Starting Permit User Sessions...
[[0;32m  OK  [0m] Started FUSE filesystem for LXC.
         Starting Login Service...
         Starting Virtualbox guest utils...
         Starting OpenBSD Secure Shell server...
[[0;32m  OK  [0m] Started D-Bus System Message Bus.
[[0;32m  OK  [0m] Started Login Service.
[[0;32m  OK  [0m] Started Unattended Upgrades Shutdown.
         Starting Message of the Day...
         Starting Dispatcher daemon for systemd-networkd...
[[0;32m  OK  [0m] Started Deferred execution scheduler.
[[0;32m  OK  [0m] Started Regular background program processing daemon.
         Starting Snappy daemon...
[[0;32m  OK  [0m] Started System Logging Service.
[[0;32m  OK  [0m] Started Permit User Sessions.
         Starting Hold until boot process finishes up...
         Starting Terminate Plymouth Boot Screen...
[[0;32m  OK  [0m] Started OpenBSD Secure Shell server.
[[0;32m  OK  [0m] Started Hold until boot process finishes up.
         Starting Set console scheme...
[[0;32m  OK  [0m] Started Serial Getty on ttyS0.
[[0;32m  OK  [0m] Started Terminate Plymouth Boot Screen.
[[0;32m  OK  [0m] Started Set console scheme.
[[0;32m  OK  [0m] Created slice system-getty.slice.
[[0;32m  OK  [0m] Started Getty on tty1.
[[0;32m  OK  [0m] Reached target Login Prompts.
[[0;32m  OK  [0m] Started LXD - container startup/shutdown.
[[0;32m  OK  [0m] Started LSB: automatic crash report generation.
         Starting Authorization Manager...
[[0;32m  OK  [0m] Started Virtualbox guest utils.
[[0;32m  OK  [0m] Started LSB: Record successful boot for GRUB.
[[0;32m  OK  [0m] Started Authorization Manager.
[[0;32m  OK  [0m] Started Accounts Service.
[[0;32m  OK  [0m] Started Dispatcher daemon for systemd-networkd.
[[0;32m  OK  [0m] Created slice User Slice of vagrant.
         Starting User Manager for UID 1000...
[[0;32m  OK  [0m] Started Session 1 of user vagrant.
[[0;32m  OK  [0m] Started Snappy daemon.
         Starting Wait until snapd is fully seeded...
[[0;32m  OK  [0m] Started User Manager for UID 1000.
[[0;32m  OK  [0m] Started Wait until snapd is fully seeded.
[[0;32m  OK  [0m] Reached target Multi-User System.
[[0;32m  OK  [0m] Reached target Graphical Interface.
         Starting Update UTMP about System Runlevel Changes...
         Starting Apply the settings specified in cloud-config...
[[0;32m  OK  [0m] Started Update UTMP about System Runlevel Changes.
[   73.381957] cloud-init[1152]: Cloud-init v. 19.4-33-gbb4131a2-0ubuntu1~18.04.1 running 'modules:config' at Sat, 16 May 2020 04:47:48 +0000. Up 73.23 seconds.
[[0;32m  OK  [0m] Started Apply the settings specified in cloud-config.
         Starting Execute cloud user/final scripts...
[[0;32m  OK  [0m] Started Message of the Day.
[   73.999372] cloud-init[1208]: Cloud-init v. 19.4-33-gbb4131a2-0ubuntu1~18.04.1 running 'modules:final' at Sat, 16 May 2020 04:47:49 +0000. Up 73.89 seconds.
[   74.006930] cloud-init[1208]: Cloud-init v. 19.4-33-gbb4131a2-0ubuntu1~18.04.1 finished at Sat, 16 May 2020 04:47:49 +0000. Datasource DataSourceNoCloud [seed=/dev/sdb][dsmode=net].  Up 73.99 seconds
[[0;32m  OK  [0m] Started Execute cloud user/final scripts.
[[0;32m  OK  [0m] Reached target Cloud-init target.

Ubuntu 18.04.4 LTS ubuntu-bionic ttyS0

ubuntu-bionic login: [ 5909.521842] EXT4-fs error (device sda1): htree_dirblock_to_tree:994: inode #48792: comm updatedb.mlocat: Directory block failed checksum
